DEBUG - 2015-11-26T22:40:09+01:00 - Request path: / - Response status: 200
DEBUG - 2015-11-26T22:40:10+01:00 - Request path: / - Response status: 200
DEBUG - 2015-11-26T22:40:11+01:00 - Request path: / - Response status: 200
DEBUG - 2015-11-26T22:40:12+01:00 - Request path: / - Response status: 200
DEBUG - 2015-11-26T22:40:13+01:00 - Request path: / - Response status: 200
DEBUG - 2015-11-26T22:40:14+01:00 - Request path: / - Response status: 200
ERROR - 2015-11-26T22:40:36+01:00 - exception 'ErrorException' with message 'Division by zero' in D:\Sites\slim-skeleton\app\controllers\HomeController.php:7
Stack trace:
#0 D:\Sites\slim-skeleton\app\controllers\HomeController.php(7): Slim\Slim::handleErrors(2, 'Division by zer...', 'D:\\Sites\\slim-s...', 7, Array)
#1 [internal function]: app\controllers\HomeController->indexAction()
#2 D:\Sites\slim-skeleton\vendor\slimcontroller\slimcontroller\src\SlimController\Slim.php(176): call_user_func_array(Array, Array)
#3 [internal function]: SlimController\Slim->SlimController\{closure}()
#4 D:\Sites\slim-skeleton\vendor\slim\slim\Slim\Route.php(468): call_user_func_array(Object(Closure), Array)
#5 D:\Sites\slim-skeleton\vendor\slim\slim\Slim\Slim.php(1357): Slim\Route->dispatch()
#6 D:\Sites\slim-skeleton\vendor\slim\slim\Slim\Middleware\Flash.php(85): Slim\Slim->call()
#7 D:\Sites\slim-skeleton\vendor\slim\slim\Slim\Middleware\MethodOverride.php(92): Slim\Middleware\Flash->call()
#8 D:\Sites\slim-skeleton\vendor\slim\slim\Slim\Slim.php(1302): Slim\Middleware\MethodOverride->call()
#9 D:\Sites\slim-skeleton\public\index.php(61): Slim\Slim->run()
#10 {main}
ERROR - 2015-11-26T22:41:35+01:00 - exception 'ErrorException' with message 'Division by zero' in D:\Sites\slim-skeleton\app\controllers\HomeController.php:7
Stack trace:
#0 D:\Sites\slim-skeleton\app\controllers\HomeController.php(7): Slim\Slim::handleErrors(2, 'Division by zer...', 'D:\\Sites\\slim-s...', 7, Array)
#1 [internal function]: app\controllers\HomeController->indexAction()
#2 D:\Sites\slim-skeleton\vendor\slimcontroller\slimcontroller\src\SlimController\Slim.php(176): call_user_func_array(Array, Array)
#3 [internal function]: SlimController\Slim->SlimController\{closure}()
#4 D:\Sites\slim-skeleton\vendor\slim\slim\Slim\Route.php(468): call_user_func_array(Object(Closure), Array)
#5 D:\Sites\slim-skeleton\vendor\slim\slim\Slim\Slim.php(1357): Slim\Route->dispatch()
#6 D:\Sites\slim-skeleton\vendor\slim\slim\Slim\Middleware\Flash.php(85): Slim\Slim->call()
#7 D:\Sites\slim-skeleton\vendor\slim\slim\Slim\Middleware\MethodOverride.php(92): Slim\Middleware\Flash->call()
#8 D:\Sites\slim-skeleton\vendor\slim\slim\Slim\Middleware\PrettyExceptions.php(67): Slim\Middleware\MethodOverride->call()
#9 D:\Sites\slim-skeleton\vendor\slim\slim\Slim\Slim.php(1302): Slim\Middleware\PrettyExceptions->call()
#10 D:\Sites\slim-skeleton\public\index.php(67): Slim\Slim->run()
#11 {main}
ERROR - 2015-11-26T22:44:38+01:00 - exception 'InvalidArgumentException' with message 'Unknown editor identifier: phpstorm . Known editors:sublime,textmate,emacs,macvim,phpstorm' in D:\Sites\slim-skeleton\vendor\filp\whoops\src\Whoops\Handler\PrettyPageHandler.php:304
Stack trace:
#0 D:\Sites\slim-skeleton\vendor\zeuxisoo\slim-whoops\src\Zeuxisoo\Whoops\Provider\Slim\WhoopsMiddleware.php(72): Whoops\Handler\PrettyPageHandler->setEditor('phpstorm ')
#1 D:\Sites\slim-skeleton\vendor\slim\slim\Slim\Middleware\PrettyExceptions.php(67): Zeuxisoo\Whoops\Provider\Slim\WhoopsMiddleware->call()
#2 D:\Sites\slim-skeleton\vendor\slim\slim\Slim\Slim.php(1302): Slim\Middleware\PrettyExceptions->call()
#3 D:\Sites\slim-skeleton\public\index.php(66): Slim\Slim->run()
#4 {main}
ERROR - 2015-11-26T22:44:39+01:00 - exception 'InvalidArgumentException' with message 'Unknown editor identifier: phpstorm . Known editors:sublime,textmate,emacs,macvim,phpstorm' in D:\Sites\slim-skeleton\vendor\filp\whoops\src\Whoops\Handler\PrettyPageHandler.php:304
Stack trace:
#0 D:\Sites\slim-skeleton\vendor\zeuxisoo\slim-whoops\src\Zeuxisoo\Whoops\Provider\Slim\WhoopsMiddleware.php(72): Whoops\Handler\PrettyPageHandler->setEditor('phpstorm ')
#1 D:\Sites\slim-skeleton\vendor\slim\slim\Slim\Middleware\PrettyExceptions.php(67): Zeuxisoo\Whoops\Provider\Slim\WhoopsMiddleware->call()
#2 D:\Sites\slim-skeleton\vendor\slim\slim\Slim\Slim.php(1302): Slim\Middleware\PrettyExceptions->call()
#3 D:\Sites\slim-skeleton\public\index.php(66): Slim\Slim->run()
#4 {main}
ERROR - 2015-11-26T22:46:01+01:00 - exception 'ErrorException' with message 'Division by zero' in D:\Sites\slim-skeleton\app\controllers\HomeController.php:7
Stack trace:
#0 D:\Sites\slim-skeleton\app\controllers\HomeController.php(7): Slim\Slim::handleErrors(2, 'Division by zer...', 'D:\\Sites\\slim-s...', 7, Array)
#1 [internal function]: app\controllers\HomeController->indexAction()
#2 D:\Sites\slim-skeleton\vendor\slimcontroller\slimcontroller\src\SlimController\Slim.php(176): call_user_func_array(Array, Array)
#3 [internal function]: SlimController\Slim->SlimController\{closure}()
#4 D:\Sites\slim-skeleton\vendor\slim\slim\Slim\Route.php(468): call_user_func_array(Object(Closure), Array)
#5 D:\Sites\slim-skeleton\vendor\slim\slim\Slim\Slim.php(1357): Slim\Route->dispatch()
#6 D:\Sites\slim-skeleton\vendor\slim\slim\Slim\Middleware\Flash.php(85): Slim\Slim->call()
#7 D:\Sites\slim-skeleton\vendor\slim\slim\Slim\Middleware\MethodOverride.php(92): Slim\Middleware\Flash->call()
#8 D:\Sites\slim-skeleton\vendor\slim\slim\Slim\Slim.php(1302): Slim\Middleware\MethodOverride->call()
#9 D:\Sites\slim-skeleton\public\index.php(65): Slim\Slim->run()
#10 {main}
DEBUG - 2015-11-26T22:46:15+01:00 - Request path: / - Response status: 200
DEBUG - 2015-11-26T22:46:15+01:00 - Request path: / - Response status: 200
DEBUG - 2015-11-26T22:46:49+01:00 - Request path: / - Response status: 200
DEBUG - 2015-11-26T22:53:00+01:00 - Request path: / - Response status: 200
DEBUG - 2015-11-26T22:53:01+01:00 - Request path: / - Response status: 200
DEBUG - 2015-11-26T22:54:12+01:00 - Request path: / - Response status: 200
DEBUG - 2015-11-26T23:02:32+01:00 - Request path: / - Response status: 200
DEBUG - 2015-11-26T23:02:52+01:00 - Request path: / - Response status: 200
DEBUG - 2015-11-26T23:02:54+01:00 - Request path: / - Response status: 200
DEBUG - 2015-11-26T23:03:18+01:00 - Request path: / - Response status: 200
DEBUG - 2015-11-26T23:04:31+01:00 - Request path: / - Response status: 200
DEBUG - 2015-11-26T23:04:35+01:00 - Request path: / - Response status: 200
DEBUG - 2015-11-26T23:04:36+01:00 - Request path: / - Response status: 200
DEBUG - 2015-11-26T23:04:37+01:00 - Request path: / - Response status: 200
DEBUG - 2015-11-26T23:04:43+01:00 - Request path: / - Response status: 200
DEBUG - 2015-11-26T23:04:43+01:00 - Request path: / - Response status: 200
DEBUG - 2015-11-26T23:04:44+01:00 - Request path: / - Response status: 200
DEBUG - 2015-11-26T23:04:55+01:00 - Request path: / - Response status: 200
DEBUG - 2015-11-26T23:04:56+01:00 - Request path: / - Response status: 200
DEBUG - 2015-11-26T23:08:05+01:00 - Request path: / - Response status: 200
DEBUG - 2015-11-26T23:17:56+01:00 - test
DEBUG - 2015-11-26T23:19:45+01:00 - QUERY [SELECT * FROM `user` WHERE `user_id` = '1' LIMIT 1] time: [0.00025200843811035]
DEBUG - 2015-11-26T23:19:45+01:00 - Request path: / - Response status: 200
DEBUG - 2015-11-26T23:19:45+01:00 - QUERY [SELECT * FROM `user` WHERE `user_id` = '1' LIMIT 1] time: [0.00017094612121582]
DEBUG - 2015-11-26T23:19:45+01:00 - Request path: / - Response status: 200
DEBUG - 2015-11-26T23:20:09+01:00 - Query [SELECT * FROM `user` WHERE `user_id` = '1' LIMIT 1] time: [0.00018978118896484]
DEBUG - 2015-11-26T23:20:09+01:00 - Request path: / - Response status: 200
DEBUG - 2015-11-26T23:21:04+01:00 - Query [SELECT * FROM `user` WHERE `user_id` = '1' LIMIT 1] time: [0.00016999244689941 seconds]
DEBUG - 2015-11-26T23:21:04+01:00 - Request path: / - Response status: 200
DEBUG - 2015-11-26T23:21:15+01:00 - Query [SELECT * FROM `user` WHERE `user_id` = '1' LIMIT 1] time: [0.00020909309387207 seconds]
DEBUG - 2015-11-26T23:25:18+01:00 - Query [SELECT * FROM `user` WHERE `user_id` = '1' LIMIT 1] time: [0.00020813941955566 seconds]
DEBUG - 2015-11-26T23:25:18+01:00 - Request path: / - Response status: 200
DEBUG - 2015-11-26T23:25:18+01:00 - Query [SELECT * FROM `user` WHERE `user_id` = '1' LIMIT 1] time: [0.00018501281738281 seconds]
DEBUG - 2015-11-26T23:25:18+01:00 - Request path: / - Response status: 200
